[19:09:49 361]算术运算导致溢出。=>System.OverflowException: 算术运算导致溢出。
   在 SuperSocket.Common.BinaryUtil.CloneRange[T](IList`1 source, Int32 offset, Int32 length)
   在 SuperSocketGPS.SuperSocket.BsPackage.ConstructBody(Byte[] arr) 位置 C:\Users\63565\documents\visual studio 2013\Projects\SuperSocketGPS\SuperSocketGPS\SuperSocket\BsPackage.cs:行号 123
   在 SuperSocketGPS.SuperSocket.BsPackage.Construct(Byte[] source) 位置 C:\Users\63565\documents\visual studio 2013\Projects\SuperSocketGPS\SuperSocketGPS\SuperSocket\BsPackage.cs:行号 64
[19:09:49 362]算术运算导致溢出。=>System.OverflowException: 算术运算导致溢出。
   在 SuperSocket.Common.BinaryUtil.CloneRange[T](IList`1 source, Int32 offset, Int32 length)
   在 SuperSocketGPS.SuperSocket.BsPackage.ConstructBody(Byte[] arr) 位置 C:\Users\63565\documents\visual studio 2013\Projects\SuperSocketGPS\SuperSocketGPS\SuperSocket\BsPackage.cs:行号 123
   在 SuperSocketGPS.SuperSocket.BsPackage.Construct(Byte[] source) 位置 C:\Users\63565\documents\visual studio 2013\Projects\SuperSocketGPS\SuperSocketGPS\SuperSocket\BsPackage.cs:行号 89
   在 SuperSocketGPS.SuperSocket.BsProtocolReceiveFilter.Filter(Byte[] readBuffer, Int32 offset, Int32 length, Boolean toBeCopied, Int32& rest) 位置 C:\Users\63565\documents\visual studio 2013\Projects\SuperSocketGPS\SuperSocketGPS\SuperSocket\BsProtocolReceiveFilter.cs:行号 36
[19:09:50 038]算术运算导致溢出。=>System.OverflowException: 算术运算导致溢出。
   在 SuperSocket.Common.BinaryUtil.CloneRange[T](IList`1 source, Int32 offset, Int32 length)
   在 SuperSocketGPS.SuperSocket.BsPackage.ConstructBody(Byte[] arr) 位置 C:\Users\63565\documents\visual studio 2013\Projects\SuperSocketGPS\SuperSocketGPS\SuperSocket\BsPackage.cs:行号 123
   在 SuperSocketGPS.SuperSocket.BsPackage.Construct(Byte[] source) 位置 C:\Users\63565\documents\visual studio 2013\Projects\SuperSocketGPS\SuperSocketGPS\SuperSocket\BsPackage.cs:行号 64
[19:09:50 039]算术运算导致溢出。=>System.OverflowException: 算术运算导致溢出。
   在 SuperSocket.Common.BinaryUtil.CloneRange[T](IList`1 source, Int32 offset, Int32 length)
   在 SuperSocketGPS.SuperSocket.BsPackage.ConstructBody(Byte[] arr) 位置 C:\Users\63565\documents\visual studio 2013\Projects\SuperSocketGPS\SuperSocketGPS\SuperSocket\BsPackage.cs:行号 123
   在 SuperSocketGPS.SuperSocket.BsPackage.Construct(Byte[] source) 位置 C:\Users\63565\documents\visual studio 2013\Projects\SuperSocketGPS\SuperSocketGPS\SuperSocket\BsPackage.cs:行号 89
   在 SuperSocketGPS.SuperSocket.BsProtocolReceiveFilter.Filter(Byte[] readBuffer, Int32 offset, Int32 length, Boolean toBeCopied, Int32& rest) 位置 C:\Users\63565\documents\visual studio 2013\Projects\SuperSocketGPS\SuperSocketGPS\SuperSocket\BsProtocolReceiveFilter.cs:行号 36
[19:09:50 441]算术运算导致溢出。=>System.OverflowException: 算术运算导致溢出。
   在 SuperSocket.Common.BinaryUtil.CloneRange[T](IList`1 source, Int32 offset, Int32 length)
   在 SuperSocketGPS.SuperSocket.BsPackage.ConstructBody(Byte[] arr) 位置 C:\Users\63565\documents\visual studio 2013\Projects\SuperSocketGPS\SuperSocketGPS\SuperSocket\BsPackage.cs:行号 123
   在 SuperSocketGPS.SuperSocket.BsPackage.Construct(Byte[] source) 位置 C:\Users\63565\documents\visual studio 2013\Projects\SuperSocketGPS\SuperSocketGPS\SuperSocket\BsPackage.cs:行号 64
[19:09:50 442]算术运算导致溢出。=>System.OverflowException: 算术运算导致溢出。
   在 SuperSocket.Common.BinaryUtil.CloneRange[T](IList`1 source, Int32 offset, Int32 length)
   在 SuperSocketGPS.SuperSocket.BsPackage.ConstructBody(Byte[] arr) 位置 C:\Users\63565\documents\visual studio 2013\Projects\SuperSocketGPS\SuperSocketGPS\SuperSocket\BsPackage.cs:行号 123
   在 SuperSocketGPS.SuperSocket.BsPackage.Construct(Byte[] source) 位置 C:\Users\63565\documents\visual studio 2013\Projects\SuperSocketGPS\SuperSocketGPS\SuperSocket\BsPackage.cs:行号 89
   在 SuperSocketGPS.SuperSocket.BsProtocolReceiveFilter.Filter(Byte[] readBuffer, Int32 offset, Int32 length, Boolean toBeCopied, Int32& rest) 位置 C:\Users\63565\documents\visual studio 2013\Projects\SuperSocketGPS\SuperSocketGPS\SuperSocket\BsProtocolReceiveFilter.cs:行号 36
[19:09:50 594]算术运算导致溢出。=>System.OverflowException: 算术运算导致溢出。
   在 SuperSocket.Common.BinaryUtil.CloneRange[T](IList`1 source, Int32 offset, Int32 length)
   在 SuperSocketGPS.SuperSocket.BsPackage.ConstructBody(Byte[] arr) 位置 C:\Users\63565\documents\visual studio 2013\Projects\SuperSocketGPS\SuperSocketGPS\SuperSocket\BsPackage.cs:行号 123
   在 SuperSocketGPS.SuperSocket.BsPackage.Construct(Byte[] source) 位置 C:\Users\63565\documents\visual studio 2013\Projects\SuperSocketGPS\SuperSocketGPS\SuperSocket\BsPackage.cs:行号 64
[19:09:50 595]算术运算导致溢出。=>System.OverflowException: 算术运算导致溢出。
   在 SuperSocket.Common.BinaryUtil.CloneRange[T](IList`1 source, Int32 offset, Int32 length)
   在 SuperSocketGPS.SuperSocket.BsPackage.ConstructBody(Byte[] arr) 位置 C:\Users\63565\documents\visual studio 2013\Projects\SuperSocketGPS\SuperSocketGPS\SuperSocket\BsPackage.cs:行号 123
   在 SuperSocketGPS.SuperSocket.BsPackage.Construct(Byte[] source) 位置 C:\Users\63565\documents\visual studio 2013\Projects\SuperSocketGPS\SuperSocketGPS\SuperSocket\BsPackage.cs:行号 89
   在 SuperSocketGPS.SuperSocket.BsProtocolReceiveFilter.Filter(Byte[] readBuffer, Int32 offset, Int32 length, Boolean toBeCopied, Int32& rest) 位置 C:\Users\63565\documents\visual studio 2013\Projects\SuperSocketGPS\SuperSocketGPS\SuperSocket\BsProtocolReceiveFilter.cs:行号 36
[19:09:50 766]算术运算导致溢出。=>System.OverflowException: 算术运算导致溢出。
   在 SuperSocket.Common.BinaryUtil.CloneRange[T](IList`1 source, Int32 offset, Int32 length)
   在 SuperSocketGPS.SuperSocket.BsPackage.ConstructBody(Byte[] arr) 位置 C:\Users\63565\documents\visual studio 2013\Projects\SuperSocketGPS\SuperSocketGPS\SuperSocket\BsPackage.cs:行号 123
   在 SuperSocketGPS.SuperSocket.BsPackage.Construct(Byte[] source) 位置 C:\Users\63565\documents\visual studio 2013\Projects\SuperSocketGPS\SuperSocketGPS\SuperSocket\BsPackage.cs:行号 64
[19:09:50 767]算术运算导致溢出。=>System.OverflowException: 算术运算导致溢出。
   在 SuperSocket.Common.BinaryUtil.CloneRange[T](IList`1 source, Int32 offset, Int32 length)
   在 SuperSocketGPS.SuperSocket.BsPackage.ConstructBody(Byte[] arr) 位置 C:\Users\63565\documents\visual studio 2013\Projects\SuperSocketGPS\SuperSocketGPS\SuperSocket\BsPackage.cs:行号 123
   在 SuperSocketGPS.SuperSocket.BsPackage.Construct(Byte[] source) 位置 C:\Users\63565\documents\visual studio 2013\Projects\SuperSocketGPS\SuperSocketGPS\SuperSocket\BsPackage.cs:行号 89
   在 SuperSocketGPS.SuperSocket.BsProtocolReceiveFilter.Filter(Byte[] readBuffer, Int32 offset, Int32 length, Boolean toBeCopied, Int32& rest) 位置 C:\Users\63565\documents\visual studio 2013\Projects\SuperSocketGPS\SuperSocketGPS\SuperSocket\BsProtocolReceiveFilter.cs:行号 36
[19:09:50 936]算术运算导致溢出。=>System.OverflowException: 算术运算导致溢出。
   在 SuperSocket.Common.BinaryUtil.CloneRange[T](IList`1 source, Int32 offset, Int32 length)
   在 SuperSocketGPS.SuperSocket.BsPackage.ConstructBody(Byte[] arr) 位置 C:\Users\63565\documents\visual studio 2013\Projects\SuperSocketGPS\SuperSocketGPS\SuperSocket\BsPackage.cs:行号 123
   在 SuperSocketGPS.SuperSocket.BsPackage.Construct(Byte[] source) 位置 C:\Users\63565\documents\visual studio 2013\Projects\SuperSocketGPS\SuperSocketGPS\SuperSocket\BsPackage.cs:行号 64
[19:09:50 937]算术运算导致溢出。=>System.OverflowException: 算术运算导致溢出。
   在 SuperSocket.Common.BinaryUtil.CloneRange[T](IList`1 source, Int32 offset, Int32 length)
   在 SuperSocketGPS.SuperSocket.BsPackage.ConstructBody(Byte[] arr) 位置 C:\Users\63565\documents\visual studio 2013\Projects\SuperSocketGPS\SuperSocketGPS\SuperSocket\BsPackage.cs:行号 123
   在 SuperSocketGPS.SuperSocket.BsPackage.Construct(Byte[] source) 位置 C:\Users\63565\documents\visual studio 2013\Projects\SuperSocketGPS\SuperSocketGPS\SuperSocket\BsPackage.cs:行号 89
   在 SuperSocketGPS.SuperSocket.BsProtocolReceiveFilter.Filter(Byte[] readBuffer, Int32 offset, Int32 length, Boolean toBeCopied, Int32& rest) 位置 C:\Users\63565\documents\visual studio 2013\Projects\SuperSocketGPS\SuperSocketGPS\SuperSocket\BsProtocolReceiveFilter.cs:行号 36
[19:09:51 544]算术运算导致溢出。=>System.OverflowException: 算术运算导致溢出。
   在 SuperSocket.Common.BinaryUtil.CloneRange[T](IList`1 source, Int32 offset, Int32 length)
   在 SuperSocketGPS.SuperSocket.BsPackage.ConstructBody(Byte[] arr) 位置 C:\Users\63565\documents\visual studio 2013\Projects\SuperSocketGPS\SuperSocketGPS\SuperSocket\BsPackage.cs:行号 123
   在 SuperSocketGPS.SuperSocket.BsPackage.Construct(Byte[] source) 位置 C:\Users\63565\documents\visual studio 2013\Projects\SuperSocketGPS\SuperSocketGPS\SuperSocket\BsPackage.cs:行号 64
[19:09:51 545]算术运算导致溢出。=>System.OverflowException: 算术运算导致溢出。
   在 SuperSocket.Common.BinaryUtil.CloneRange[T](IList`1 source, Int32 offset, Int32 length)
   在 SuperSocketGPS.SuperSocket.BsPackage.ConstructBody(Byte[] arr) 位置 C:\Users\63565\documents\visual studio 2013\Projects\SuperSocketGPS\SuperSocketGPS\SuperSocket\BsPackage.cs:行号 123
   在 SuperSocketGPS.SuperSocket.BsPackage.Construct(Byte[] source) 位置 C:\Users\63565\documents\visual studio 2013\Projects\SuperSocketGPS\SuperSocketGPS\SuperSocket\BsPackage.cs:行号 89
   在 SuperSocketGPS.SuperSocket.BsProtocolReceiveFilter.Filter(Byte[] readBuffer, Int32 offset, Int32 length, Boolean toBeCopied, Int32& rest) 位置 C:\Users\63565\documents\visual studio 2013\Projects\SuperSocketGPS\SuperSocketGPS\SuperSocket\BsProtocolReceiveFilter.cs:行号 36
[19:09:52 130]算术运算导致溢出。=>System.OverflowException: 算术运算导致溢出。
   在 SuperSocket.Common.BinaryUtil.CloneRange[T](IList`1 source, Int32 offset, Int32 length)
   在 SuperSocketGPS.SuperSocket.BsPackage.ConstructBody(Byte[] arr) 位置 C:\Users\63565\documents\visual studio 2013\Projects\SuperSocketGPS\SuperSocketGPS\SuperSocket\BsPackage.cs:行号 123
   在 SuperSocketGPS.SuperSocket.BsPackage.Construct(Byte[] source) 位置 C:\Users\63565\documents\visual studio 2013\Projects\SuperSocketGPS\SuperSocketGPS\SuperSocket\BsPackage.cs:行号 64
[19:09:52 131]算术运算导致溢出。=>System.OverflowException: 算术运算导致溢出。
   在 SuperSocket.Common.BinaryUtil.CloneRange[T](IList`1 source, Int32 offset, Int32 length)
   在 SuperSocketGPS.SuperSocket.BsPackage.ConstructBody(Byte[] arr) 位置 C:\Users\63565\documents\visual studio 2013\Projects\SuperSocketGPS\SuperSocketGPS\SuperSocket\BsPackage.cs:行号 123
   在 SuperSocketGPS.SuperSocket.BsPackage.Construct(Byte[] source) 位置 C:\Users\63565\documents\visual studio 2013\Projects\SuperSocketGPS\SuperSocketGPS\SuperSocket\BsPackage.cs:行号 89
   在 SuperSocketGPS.SuperSocket.BsProtocolReceiveFilter.Filter(Byte[] readBuffer, Int32 offset, Int32 length, Boolean toBeCopied, Int32& rest) 位置 C:\Users\63565\documents\visual studio 2013\Projects\SuperSocketGPS\SuperSocketGPS\SuperSocket\BsProtocolReceiveFilter.cs:行号 36
[19:09:52 723]算术运算导致溢出。=>System.OverflowException: 算术运算导致溢出。
   在 SuperSocket.Common.BinaryUtil.CloneRange[T](IList`1 source, Int32 offset, Int32 length)
   在 SuperSocketGPS.SuperSocket.BsPackage.ConstructBody(Byte[] arr) 位置 C:\Users\63565\documents\visual studio 2013\Projects\SuperSocketGPS\SuperSocketGPS\SuperSocket\BsPackage.cs:行号 123
   在 SuperSocketGPS.SuperSocket.BsPackage.Construct(Byte[] source) 位置 C:\Users\63565\documents\visual studio 2013\Projects\SuperSocketGPS\SuperSocketGPS\SuperSocket\BsPackage.cs:行号 64
[19:09:52 724]算术运算导致溢出。=>System.OverflowException: 算术运算导致溢出。
   在 SuperSocket.Common.BinaryUtil.CloneRange[T](IList`1 source, Int32 offset, Int32 length)
   在 SuperSocketGPS.SuperSocket.BsPackage.ConstructBody(Byte[] arr) 位置 C:\Users\63565\documents\visual studio 2013\Projects\SuperSocketGPS\SuperSocketGPS\SuperSocket\BsPackage.cs:行号 123
   在 SuperSocketGPS.SuperSocket.BsPackage.Construct(Byte[] source) 位置 C:\Users\63565\documents\visual studio 2013\Projects\SuperSocketGPS\SuperSocketGPS\SuperSocket\BsPackage.cs:行号 89
   在 SuperSocketGPS.SuperSocket.BsProtocolReceiveFilter.Filter(Byte[] readBuffer, Int32 offset, Int32 length, Boolean toBeCopied, Int32& rest) 位置 C:\Users\63565\documents\visual studio 2013\Projects\SuperSocketGPS\SuperSocketGPS\SuperSocket\BsProtocolReceiveFilter.cs:行号 36
[19:10:48 211]算术运算导致溢出。=>System.OverflowException: 算术运算导致溢出。
   在 SuperSocket.Common.BinaryUtil.CloneRange[T](IList`1 source, Int32 offset, Int32 length)
   在 SuperSocketGPS.SuperSocket.BsPackage.ConstructBody(Byte[] arr) 位置 C:\Users\63565\documents\visual studio 2013\Projects\SuperSocketGPS\SuperSocketGPS\SuperSocket\BsPackage.cs:行号 123
   在 SuperSocketGPS.SuperSocket.BsPackage.Construct(Byte[] source) 位置 C:\Users\63565\documents\visual studio 2013\Projects\SuperSocketGPS\SuperSocketGPS\SuperSocket\BsPackage.cs:行号 64
[19:10:48 212]算术运算导致溢出。=>System.OverflowException: 算术运算导致溢出。
   在 SuperSocket.Common.BinaryUtil.CloneRange[T](IList`1 source, Int32 offset, Int32 length)
   在 SuperSocketGPS.SuperSocket.BsPackage.ConstructBody(Byte[] arr) 位置 C:\Users\63565\documents\visual studio 2013\Projects\SuperSocketGPS\SuperSocketGPS\SuperSocket\BsPackage.cs:行号 123
   在 SuperSocketGPS.SuperSocket.BsPackage.Construct(Byte[] source) 位置 C:\Users\63565\documents\visual studio 2013\Projects\SuperSocketGPS\SuperSocketGPS\SuperSocket\BsPackage.cs:行号 89
   在 SuperSocketGPS.SuperSocket.BsProtocolReceiveFilter.Filter(Byte[] readBuffer, Int32 offset, Int32 length, Boolean toBeCopied, Int32& rest) 位置 C:\Users\63565\documents\visual studio 2013\Projects\SuperSocketGPS\SuperSocketGPS\SuperSocket\BsProtocolReceiveFilter.cs:行号 36
[19:10:50 017]算术运算导致溢出。=>System.OverflowException: 算术运算导致溢出。
   在 SuperSocket.Common.BinaryUtil.CloneRange[T](IList`1 source, Int32 offset, Int32 length)
   在 SuperSocketGPS.SuperSocket.BsPackage.ConstructBody(Byte[] arr) 位置 C:\Users\63565\documents\visual studio 2013\Projects\SuperSocketGPS\SuperSocketGPS\SuperSocket\BsPackage.cs:行号 123
   在 SuperSocketGPS.SuperSocket.BsPackage.Construct(Byte[] source) 位置 C:\Users\63565\documents\visual studio 2013\Projects\SuperSocketGPS\SuperSocketGPS\SuperSocket\BsPackage.cs:行号 64
[19:10:50 018]算术运算导致溢出。=>System.OverflowException: 算术运算导致溢出。
   在 SuperSocket.Common.BinaryUtil.CloneRange[T](IList`1 source, Int32 offset, Int32 length)
   在 SuperSocketGPS.SuperSocket.BsPackage.ConstructBody(Byte[] arr) 位置 C:\Users\63565\documents\visual studio 2013\Projects\SuperSocketGPS\SuperSocketGPS\SuperSocket\BsPackage.cs:行号 123
   在 SuperSocketGPS.SuperSocket.BsPackage.Construct(Byte[] source) 位置 C:\Users\63565\documents\visual studio 2013\Projects\SuperSocketGPS\SuperSocketGPS\SuperSocket\BsPackage.cs:行号 89
   在 SuperSocketGPS.SuperSocket.BsProtocolReceiveFilter.Filter(Byte[] readBuffer, Int32 offset, Int32 length, Boolean toBeCopied, Int32& rest) 位置 C:\Users\63565\documents\visual studio 2013\Projects\SuperSocketGPS\SuperSocketGPS\SuperSocket\BsProtocolReceiveFilter.cs:行号 36
[19:10:50 494]算术运算导致溢出。=>System.OverflowException: 算术运算导致溢出。
   在 SuperSocket.Common.BinaryUtil.CloneRange[T](IList`1 source, Int32 offset, Int32 length)
   在 SuperSocketGPS.SuperSocket.BsPackage.ConstructBody(Byte[] arr) 位置 C:\Users\63565\documents\visual studio 2013\Projects\SuperSocketGPS\SuperSocketGPS\SuperSocket\BsPackage.cs:行号 123
   在 SuperSocketGPS.SuperSocket.BsPackage.Construct(Byte[] source) 位置 C:\Users\63565\documents\visual studio 2013\Projects\SuperSocketGPS\SuperSocketGPS\SuperSocket\BsPackage.cs:行号 64
[19:10:50 495]算术运算导致溢出。=>System.OverflowException: 算术运算导致溢出。
   在 SuperSocket.Common.BinaryUtil.CloneRange[T](IList`1 source, Int32 offset, Int32 length)
   在 SuperSocketGPS.SuperSocket.BsPackage.ConstructBody(Byte[] arr) 位置 C:\Users\63565\documents\visual studio 2013\Projects\SuperSocketGPS\SuperSocketGPS\SuperSocket\BsPackage.cs:行号 123
   在 SuperSocketGPS.SuperSocket.BsPackage.Construct(Byte[] source) 位置 C:\Users\63565\documents\visual studio 2013\Projects\SuperSocketGPS\SuperSocketGPS\SuperSocket\BsPackage.cs:行号 89
   在 SuperSocketGPS.SuperSocket.BsProtocolReceiveFilter.Filter(Byte[] readBuffer, Int32 offset, Int32 length, Boolean toBeCopied, Int32& rest) 位置 C:\Users\63565\documents\visual studio 2013\Projects\SuperSocketGPS\SuperSocketGPS\SuperSocket\BsProtocolReceiveFilter.cs:行号 36
[19:10:50 661]算术运算导致溢出。=>System.OverflowException: 算术运算导致溢出。
   在 SuperSocket.Common.BinaryUtil.CloneRange[T](IList`1 source, Int32 offset, Int32 length)
   在 SuperSocketGPS.SuperSocket.BsPackage.ConstructBody(Byte[] arr) 位置 C:\Users\63565\documents\visual studio 2013\Projects\SuperSocketGPS\SuperSocketGPS\SuperSocket\BsPackage.cs:行号 123
   在 SuperSocketGPS.SuperSocket.BsPackage.Construct(Byte[] source) 位置 C:\Users\63565\documents\visual studio 2013\Projects\SuperSocketGPS\SuperSocketGPS\SuperSocket\BsPackage.cs:行号 64
[19:10:50 663]算术运算导致溢出。=>System.OverflowException: 算术运算导致溢出。
   在 SuperSocket.Common.BinaryUtil.CloneRange[T](IList`1 source, Int32 offset, Int32 length)
   在 SuperSocketGPS.SuperSocket.BsPackage.ConstructBody(Byte[] arr) 位置 C:\Users\63565\documents\visual studio 2013\Projects\SuperSocketGPS\SuperSocketGPS\SuperSocket\BsPackage.cs:行号 123
   在 SuperSocketGPS.SuperSocket.BsPackage.Construct(Byte[] source) 位置 C:\Users\63565\documents\visual studio 2013\Projects\SuperSocketGPS\SuperSocketGPS\SuperSocket\BsPackage.cs:行号 89
   在 SuperSocketGPS.SuperSocket.BsProtocolReceiveFilter.Filter(Byte[] readBuffer, Int32 offset, Int32 length, Boolean toBeCopied, Int32& rest) 位置 C:\Users\63565\documents\visual studio 2013\Projects\SuperSocketGPS\SuperSocketGPS\SuperSocket\BsProtocolReceiveFilter.cs:行号 36
[19:10:50 805]算术运算导致溢出。=>System.OverflowException: 算术运算导致溢出。
   在 SuperSocket.Common.BinaryUtil.CloneRange[T](IList`1 source, Int32 offset, Int32 length)
   在 SuperSocketGPS.SuperSocket.BsPackage.ConstructBody(Byte[] arr) 位置 C:\Users\63565\documents\visual studio 2013\Projects\SuperSocketGPS\SuperSocketGPS\SuperSocket\BsPackage.cs:行号 123
   在 SuperSocketGPS.SuperSocket.BsPackage.Construct(Byte[] source) 位置 C:\Users\63565\documents\visual studio 2013\Projects\SuperSocketGPS\SuperSocketGPS\SuperSocket\BsPackage.cs:行号 64
[19:10:50 807]算术运算导致溢出。=>System.OverflowException: 算术运算导致溢出。
   在 SuperSocket.Common.BinaryUtil.CloneRange[T](IList`1 source, Int32 offset, Int32 length)
   在 SuperSocketGPS.SuperSocket.BsPackage.ConstructBody(Byte[] arr) 位置 C:\Users\63565\documents\visual studio 2013\Projects\SuperSocketGPS\SuperSocketGPS\SuperSocket\BsPackage.cs:行号 123
   在 SuperSocketGPS.SuperSocket.BsPackage.Construct(Byte[] source) 位置 C:\Users\63565\documents\visual studio 2013\Projects\SuperSocketGPS\SuperSocketGPS\SuperSocket\BsPackage.cs:行号 89
   在 SuperSocketGPS.SuperSocket.BsProtocolReceiveFilter.Filter(Byte[] readBuffer, Int32 offset, Int32 length, Boolean toBeCopied, Int32& rest) 位置 C:\Users\63565\documents\visual studio 2013\Projects\SuperSocketGPS\SuperSocketGPS\SuperSocket\BsProtocolReceiveFilter.cs:行号 36
[19:10:50 955]算术运算导致溢出。=>System.OverflowException: 算术运算导致溢出。
   在 SuperSocket.Common.BinaryUtil.CloneRange[T](IList`1 source, Int32 offset, Int32 length)
   在 SuperSocketGPS.SuperSocket.BsPackage.ConstructBody(Byte[] arr) 位置 C:\Users\63565\documents\visual studio 2013\Projects\SuperSocketGPS\SuperSocketGPS\SuperSocket\BsPackage.cs:行号 123
   在 SuperSocketGPS.SuperSocket.BsPackage.Construct(Byte[] source) 位置 C:\Users\63565\documents\visual studio 2013\Projects\SuperSocketGPS\SuperSocketGPS\SuperSocket\BsPackage.cs:行号 64
[19:10:50 956]算术运算导致溢出。=>System.OverflowException: 算术运算导致溢出。
   在 SuperSocket.Common.BinaryUtil.CloneRange[T](IList`1 source, Int32 offset, Int32 length)
   在 SuperSocketGPS.SuperSocket.BsPackage.ConstructBody(Byte[] arr) 位置 C:\Users\63565\documents\visual studio 2013\Projects\SuperSocketGPS\SuperSocketGPS\SuperSocket\BsPackage.cs:行号 123
   在 SuperSocketGPS.SuperSocket.BsPackage.Construct(Byte[] source) 位置 C:\Users\63565\documents\visual studio 2013\Projects\SuperSocketGPS\SuperSocketGPS\SuperSocket\BsPackage.cs:行号 89
   在 SuperSocketGPS.SuperSocket.BsProtocolReceiveFilter.Filter(Byte[] readBuffer, Int32 offset, Int32 length, Boolean toBeCopied, Int32& rest) 位置 C:\Users\63565\documents\visual studio 2013\Projects\SuperSocketGPS\SuperSocketGPS\SuperSocket\BsProtocolReceiveFilter.cs:行号 36
[19:10:51 217]算术运算导致溢出。=>System.OverflowException: 算术运算导致溢出。
   在 SuperSocket.Common.BinaryUtil.CloneRange[T](IList`1 source, Int32 offset, Int32 length)
   在 SuperSocketGPS.SuperSocket.BsPackage.ConstructBody(Byte[] arr) 位置 C:\Users\63565\documents\visual studio 2013\Projects\SuperSocketGPS\SuperSocketGPS\SuperSocket\BsPackage.cs:行号 123
   在 SuperSocketGPS.SuperSocket.BsPackage.Construct(Byte[] source) 位置 C:\Users\63565\documents\visual studio 2013\Projects\SuperSocketGPS\SuperSocketGPS\SuperSocket\BsPackage.cs:行号 64
[19:10:51 218]算术运算导致溢出。=>System.OverflowException: 算术运算导致溢出。
   在 SuperSocket.Common.BinaryUtil.CloneRange[T](IList`1 source, Int32 offset, Int32 length)
   在 SuperSocketGPS.SuperSocket.BsPackage.ConstructBody(Byte[] arr) 位置 C:\Users\63565\documents\visual studio 2013\Projects\SuperSocketGPS\SuperSocketGPS\SuperSocket\BsPackage.cs:行号 123
   在 SuperSocketGPS.SuperSocket.BsPackage.Construct(Byte[] source) 位置 C:\Users\63565\documents\visual studio 2013\Projects\SuperSocketGPS\SuperSocketGPS\SuperSocket\BsPackage.cs:行号 89
   在 SuperSocketGPS.SuperSocket.BsProtocolReceiveFilter.Filter(Byte[] readBuffer, Int32 offset, Int32 length, Boolean toBeCopied, Int32& rest) 位置 C:\Users\63565\documents\visual studio 2013\Projects\SuperSocketGPS\SuperSocketGPS\SuperSocket\BsProtocolReceiveFilter.cs:行号 36
[19:10:51 343]算术运算导致溢出。=>System.OverflowException: 算术运算导致溢出。
   在 SuperSocket.Common.BinaryUtil.CloneRange[T](IList`1 source, Int32 offset, Int32 length)
   在 SuperSocketGPS.SuperSocket.BsPackage.ConstructBody(Byte[] arr) 位置 C:\Users\63565\documents\visual studio 2013\Projects\SuperSocketGPS\SuperSocketGPS\SuperSocket\BsPackage.cs:行号 123
   在 SuperSocketGPS.SuperSocket.BsPackage.Construct(Byte[] source) 位置 C:\Users\63565\documents\visual studio 2013\Projects\SuperSocketGPS\SuperSocketGPS\SuperSocket\BsPackage.cs:行号 64
[19:10:51 344]算术运算导致溢出。=>System.OverflowException: 算术运算导致溢出。
   在 SuperSocket.Common.BinaryUtil.CloneRange[T](IList`1 source, Int32 offset, Int32 length)
   在 SuperSocketGPS.SuperSocket.BsPackage.ConstructBody(Byte[] arr) 位置 C:\Users\63565\documents\visual studio 2013\Projects\SuperSocketGPS\SuperSocketGPS\SuperSocket\BsPackage.cs:行号 123
   在 SuperSocketGPS.SuperSocket.BsPackage.Construct(Byte[] source) 位置 C:\Users\63565\documents\visual studio 2013\Projects\SuperSocketGPS\SuperSocketGPS\SuperSocket\BsPackage.cs:行号 89
   在 SuperSocketGPS.SuperSocket.BsProtocolReceiveFilter.Filter(Byte[] readBuffer, Int32 offset, Int32 length, Boolean toBeCopied, Int32& rest) 位置 C:\Users\63565\documents\visual studio 2013\Projects\SuperSocketGPS\SuperSocketGPS\SuperSocket\BsProtocolReceiveFilter.cs:行号 36
[19:10:51 494]算术运算导致溢出。=>System.OverflowException: 算术运算导致溢出。
   在 SuperSocket.Common.BinaryUtil.CloneRange[T](IList`1 source, Int32 offset, Int32 length)
   在 SuperSocketGPS.SuperSocket.BsPackage.ConstructBody(Byte[] arr) 位置 C:\Users\63565\documents\visual studio 2013\Projects\SuperSocketGPS\SuperSocketGPS\SuperSocket\BsPackage.cs:行号 123
   在 SuperSocketGPS.SuperSocket.BsPackage.Construct(Byte[] source) 位置 C:\Users\63565\documents\visual studio 2013\Projects\SuperSocketGPS\SuperSocketGPS\SuperSocket\BsPackage.cs:行号 64
[19:10:51 496]算术运算导致溢出。=>System.OverflowException: 算术运算导致溢出。
   在 SuperSocket.Common.BinaryUtil.CloneRange[T](IList`1 source, Int32 offset, Int32 length)
   在 SuperSocketGPS.SuperSocket.BsPackage.ConstructBody(Byte[] arr) 位置 C:\Users\63565\documents\visual studio 2013\Projects\SuperSocketGPS\SuperSocketGPS\SuperSocket\BsPackage.cs:行号 123
   在 SuperSocketGPS.SuperSocket.BsPackage.Construct(Byte[] source) 位置 C:\Users\63565\documents\visual studio 2013\Projects\SuperSocketGPS\SuperSocketGPS\SuperSocket\BsPackage.cs:行号 89
   在 SuperSocketGPS.SuperSocket.BsProtocolReceiveFilter.Filter(Byte[] readBuffer, Int32 offset, Int32 length, Boolean toBeCopied, Int32& rest) 位置 C:\Users\63565\documents\visual studio 2013\Projects\SuperSocketGPS\SuperSocketGPS\SuperSocket\BsProtocolReceiveFilter.cs:行号 36
[19:10:51 661]算术运算导致溢出。=>System.OverflowException: 算术运算导致溢出。
   在 SuperSocket.Common.BinaryUtil.CloneRange[T](IList`1 source, Int32 offset, Int32 length)
   在 SuperSocketGPS.SuperSocket.BsPackage.ConstructBody(Byte[] arr) 位置 C:\Users\63565\documents\visual studio 2013\Projects\SuperSocketGPS\SuperSocketGPS\SuperSocket\BsPackage.cs:行号 123
   在 SuperSocketGPS.SuperSocket.BsPackage.Construct(Byte[] source) 位置 C:\Users\63565\documents\visual studio 2013\Projects\SuperSocketGPS\SuperSocketGPS\SuperSocket\BsPackage.cs:行号 64
[19:10:51 662]算术运算导致溢出。=>System.OverflowException: 算术运算导致溢出。
   在 SuperSocket.Common.BinaryUtil.CloneRange[T](IList`1 source, Int32 offset, Int32 length)
   在 SuperSocketGPS.SuperSocket.BsPackage.ConstructBody(Byte[] arr) 位置 C:\Users\63565\documents\visual studio 2013\Projects\SuperSocketGPS\SuperSocketGPS\SuperSocket\BsPackage.cs:行号 123
   在 SuperSocketGPS.SuperSocket.BsPackage.Construct(Byte[] source) 位置 C:\Users\63565\documents\visual studio 2013\Projects\SuperSocketGPS\SuperSocketGPS\SuperSocket\BsPackage.cs:行号 89
   在 SuperSocketGPS.SuperSocket.BsProtocolReceiveFilter.Filter(Byte[] readBuffer, Int32 offset, Int32 length, Boolean toBeCopied, Int32& rest) 位置 C:\Users\63565\documents\visual studio 2013\Projects\SuperSocketGPS\SuperSocketGPS\SuperSocket\BsProtocolReceiveFilter.cs:行号 36
[19:20:14 850]算术运算导致溢出。=>System.OverflowException: 算术运算导致溢出。
   在 SuperSocket.Common.BinaryUtil.CloneRange[T](IList`1 source, Int32 offset, Int32 length)
   在 SuperSocketGPS.SuperSocket.BsPackage.ConstructBody(Byte[] arr) 位置 C:\Users\63565\documents\visual studio 2013\Projects\SuperSocketGPS\SuperSocketGPS\SuperSocket\BsPackage.cs:行号 123
   在 SuperSocketGPS.SuperSocket.BsPackage.Construct(Byte[] source) 位置 C:\Users\63565\documents\visual studio 2013\Projects\SuperSocketGPS\SuperSocketGPS\SuperSocket\BsPackage.cs:行号 64
[19:20:14 885]算术运算导致溢出。=>System.OverflowException: 算术运算导致溢出。
   在 SuperSocket.Common.BinaryUtil.CloneRange[T](IList`1 source, Int32 offset, Int32 length)
   在 SuperSocketGPS.SuperSocket.BsPackage.ConstructBody(Byte[] arr) 位置 C:\Users\63565\documents\visual studio 2013\Projects\SuperSocketGPS\SuperSocketGPS\SuperSocket\BsPackage.cs:行号 123
   在 SuperSocketGPS.SuperSocket.BsPackage.Construct(Byte[] source) 位置 C:\Users\63565\documents\visual studio 2013\Projects\SuperSocketGPS\SuperSocketGPS\SuperSocket\BsPackage.cs:行号 89
   在 SuperSocketGPS.SuperSocket.BsProtocolReceiveFilter.Filter(Byte[] readBuffer, Int32 offset, Int32 length, Boolean toBeCopied, Int32& rest) 位置 C:\Users\63565\documents\visual studio 2013\Projects\SuperSocketGPS\SuperSocketGPS\SuperSocket\BsProtocolReceiveFilter.cs:行号 36
[19:20:33 685]算术运算导致溢出。=>System.OverflowException: 算术运算导致溢出。
   在 SuperSocket.Common.BinaryUtil.CloneRange[T](IList`1 source, Int32 offset, Int32 length)
   在 SuperSocketGPS.SuperSocket.BsPackage.ConstructBody(Byte[] arr) 位置 C:\Users\63565\documents\visual studio 2013\Projects\SuperSocketGPS\SuperSocketGPS\SuperSocket\BsPackage.cs:行号 123
   在 SuperSocketGPS.SuperSocket.BsPackage.Construct(Byte[] source) 位置 C:\Users\63565\documents\visual studio 2013\Projects\SuperSocketGPS\SuperSocketGPS\SuperSocket\BsPackage.cs:行号 64
[19:20:33 712]算术运算导致溢出。=>System.OverflowException: 算术运算导致溢出。
   在 SuperSocket.Common.BinaryUtil.CloneRange[T](IList`1 source, Int32 offset, Int32 length)
   在 SuperSocketGPS.SuperSocket.BsPackage.ConstructBody(Byte[] arr) 位置 C:\Users\63565\documents\visual studio 2013\Projects\SuperSocketGPS\SuperSocketGPS\SuperSocket\BsPackage.cs:行号 123
   在 SuperSocketGPS.SuperSocket.BsPackage.Construct(Byte[] source) 位置 C:\Users\63565\documents\visual studio 2013\Projects\SuperSocketGPS\SuperSocketGPS\SuperSocket\BsPackage.cs:行号 89
   在 SuperSocketGPS.SuperSocket.BsProtocolReceiveFilter.Filter(Byte[] readBuffer, Int32 offset, Int32 length, Boolean toBeCopied, Int32& rest) 位置 C:\Users\63565\documents\visual studio 2013\Projects\SuperSocketGPS\SuperSocketGPS\SuperSocket\BsProtocolReceiveFilter.cs:行号 36
[19:21:28 492]算术运算导致溢出。=>System.OverflowException: 算术运算导致溢出。
   在 SuperSocket.Common.BinaryUtil.CloneRange[T](IList`1 source, Int32 offset, Int32 length)
   在 SuperSocketGPS.SuperSocket.BsPackage.ConstructBody(Byte[] arr) 位置 C:\Users\63565\documents\visual studio 2013\Projects\SuperSocketGPS\SuperSocketGPS\SuperSocket\BsPackage.cs:行号 123
   在 SuperSocketGPS.SuperSocket.BsPackage.Construct(Byte[] source) 位置 C:\Users\63565\documents\visual studio 2013\Projects\SuperSocketGPS\SuperSocketGPS\SuperSocket\BsPackage.cs:行号 64
[19:21:28 514]算术运算导致溢出。=>System.OverflowException: 算术运算导致溢出。
   在 SuperSocket.Common.BinaryUtil.CloneRange[T](IList`1 source, Int32 offset, Int32 length)
   在 SuperSocketGPS.SuperSocket.BsPackage.ConstructBody(Byte[] arr) 位置 C:\Users\63565\documents\visual studio 2013\Projects\SuperSocketGPS\SuperSocketGPS\SuperSocket\BsPackage.cs:行号 123
   在 SuperSocketGPS.SuperSocket.BsPackage.Construct(Byte[] source) 位置 C:\Users\63565\documents\visual studio 2013\Projects\SuperSocketGPS\SuperSocketGPS\SuperSocket\BsPackage.cs:行号 89
   在 SuperSocketGPS.SuperSocket.BsProtocolReceiveFilter.Filter(Byte[] readBuffer, Int32 offset, Int32 length, Boolean toBeCopied, Int32& rest) 位置 C:\Users\63565\documents\visual studio 2013\Projects\SuperSocketGPS\SuperSocketGPS\SuperSocket\BsProtocolReceiveFilter.cs:行号 36
[19:23:42 146]算术运算导致溢出。=>System.OverflowException: 算术运算导致溢出。
   在 SuperSocket.Common.BinaryUtil.CloneRange[T](IList`1 source, Int32 offset, Int32 length)
   在 SuperSocketGPS.SuperSocket.BsPackage.ConstructBody(Byte[] arr) 位置 C:\Users\63565\documents\visual studio 2013\Projects\SuperSocketGPS\SuperSocketGPS\SuperSocket\BsPackage.cs:行号 123
   在 SuperSocketGPS.SuperSocket.BsPackage.Construct(Byte[] source) 位置 C:\Users\63565\documents\visual studio 2013\Projects\SuperSocketGPS\SuperSocketGPS\SuperSocket\BsPackage.cs:行号 64
[19:23:42 152]算术运算导致溢出。=>System.OverflowException: 算术运算导致溢出。
   在 SuperSocket.Common.BinaryUtil.CloneRange[T](IList`1 source, Int32 offset, Int32 length)
   在 SuperSocketGPS.SuperSocket.BsPackage.ConstructBody(Byte[] arr) 位置 C:\Users\63565\documents\visual studio 2013\Projects\SuperSocketGPS\SuperSocketGPS\SuperSocket\BsPackage.cs:行号 123
   在 SuperSocketGPS.SuperSocket.BsPackage.Construct(Byte[] source) 位置 C:\Users\63565\documents\visual studio 2013\Projects\SuperSocketGPS\SuperSocketGPS\SuperSocket\BsPackage.cs:行号 89
   在 SuperSocketGPS.SuperSocket.BsProtocolReceiveFilter.Filter(Byte[] readBuffer, Int32 offset, Int32 length, Boolean toBeCopied, Int32& rest) 位置 C:\Users\63565\documents\visual studio 2013\Projects\SuperSocketGPS\SuperSocketGPS\SuperSocket\BsProtocolReceiveFilter.cs:行号 36
